[16:53:30] [main/INFO] (FabricLoader/GameProvider) Loading Minecraft 1.21 with Fabric Loader 0.17.2
[16:53:30] [main/INFO] (FabricLoader) Loading 57 mods:
	- fabric-api 0.102.0+1.21
	- fabric-api-base 0.4.42+6573ed8cd1
	- fabric-api-lookup-api-v1 1.6.68+b5597344d1
	- fabric-biome-api-v1 13.0.29+5bd9f1bcd1
	- fabric-block-api-v1 1.0.22+0af3f5a7d1
	- fabric-block-view-api-v2 1.0.10+6573ed8cd1
	- fabric-blockrenderlayer-v1 1.1.52+0af3f5a7d1
	- fabric-client-tags-api-v1 1.1.15+6573ed8cd1
	- fabric-command-api-v1 1.2.49+f71b366fd1
	- fabric-command-api-v2 2.2.28+6ced4dd9d1
	- fabric-commands-v0 0.2.66+df3654b3d1
	- fabric-content-registries-v0 8.0.16+b5597344d1
	- fabric-convention-tags-v1 2.0.19+7f945d5bd1
	- fabric-convention-tags-v2 2.5.0+c5e2b5c6d1
	- fabric-crash-report-info-v1 0.2.29+0af3f5a7d1
	- fabric-data-attachment-api-v1 1.1.27+6a6dfa19d1
	- fabric-data-generation-api-v1 20.2.16+16c4ae25d1
	- fabric-dimensions-v1 4.0.0+6fc22b99d1
	- fabric-entity-events-v1 1.6.12+6fc22b99d1
	- fabric-events-interaction-v0 0.7.12+ba9dae06d1
	- fabric-game-rule-api-v1 1.0.53+6ced4dd9d1
	- fabric-gametest-api-v1 2.0.4+6fc22b99d1
	- fabric-item-api-v1 11.0.0+afdfc921d1
	- fabric-item-group-api-v1 4.1.4+78017270d1
	- fabric-key-binding-api-v1 1.0.47+0af3f5a7d1
	- fabric-keybindings-v0 0.2.45+df3654b3d1
	- fabric-lifecycle-events-v1 2.3.12+6c1df360d1
	- fabric-loot-api-v2 3.0.14+3f89f5a5d1
	- fabric-loot-api-v3 1.0.2+3f89f5a5d1
	- fabric-message-api-v1 6.0.13+6573ed8cd1
	- fabric-model-loading-api-v1 2.0.0+fe474d6bd1
	- fabric-networking-api-v1 4.2.2+60c3209bd1
	- fabric-object-builder-api-v1 15.2.0+a551f7a4d1
	- fabric-particles-v1 4.0.2+6573ed8cd1
	- fabric-recipe-api-v1 5.0.12+65089712d1
	- fabric-registry-sync-v0 5.1.2+60c3209bd1
	- fabric-renderer-api-v1 3.4.0+c705a49cd1
	- fabric-renderer-indigo 1.7.0+c705a49cd1
	- fabric-renderer-registries-v1 3.2.68+df3654b3d1
	- fabric-rendering-data-attachment-v1 0.3.48+73761d2ed1
	- fabric-rendering-fluids-v1 3.1.6+b5597344d1
	- fabric-rendering-v0 1.1.71+df3654b3d1
	- fabric-rendering-v1 5.0.5+df16efd0d1
	- fabric-resource-conditions-api-v1 4.3.0+8dc279b1d1
	- fabric-resource-loader-v0 1.3.0+56599129d1
	- fabric-screen-api-v1 2.0.24+b5597344d1
	- fabric-screen-handler-api-v1 1.3.86+b5597344d1
	- fabric-sound-api-v1 1.0.23+6573ed8cd1
	- fabric-transfer-api-v1 5.1.16+3dccd343d1
	- fabric-transitive-access-wideners-v1 6.1.0+176f9036d1
	- fabricloader 0.17.2
	- java 21
	- minecraft 1.21
	- mixinextras 0.5.0
	- mobhealthbar 2.3.0
	- silvkingsmod 1.0.0
	- worldedit 7.3.8+6939-7d32b45
[16:53:35] [main/INFO] (FabricLoader/Mixin) SpongePowered MIXIN Subsystem Version=0.8.7 Source=file:/C:/Users/Silvio%20Bergmann/.gradle/caches/modules-2/files-2.1/net.fabricmc/sponge-mixin/0.16.3+mixin.0.8.7/3e535042688d1265447e52ad86950b7d9678a5fa/sponge-mixin-0.16.3+mixin.0.8.7.jar Service=Knot/Fabric Env=CLIENT
[16:53:35] [main/INFO] (FabricLoader/Mixin) Loaded Fabric development mappings for mixin remapper!
[16:53:35] [main/INFO] (FabricLoader/Mixin) Compatibility level set to JAVA_17
[16:53:35] [main/INFO] (FabricLoader/Mixin) Compatibility level set to JAVA_21
[16:53:36] [main/INFO] (FabricLoader/MixinExtras|Service) Initializing MixinExtras via com.llamalad7.mixinextras.service.MixinExtrasServiceImpl(version=0.5.0).
[16:53:37] [Datafixer Bootstrap/INFO] (Minecraft) 226 Datafixer optimizations took 380 milliseconds
[16:53:42] [Render thread/INFO] (Minecraft) Environment: Environment[sessionHost=https://sessionserver.mojang.com, servicesHost=https://api.minecraftservices.com, name=PROD]
[16:53:42] [Render thread/INFO] (Minecraft) Setting user: Player171
[16:53:42] [Render thread/ERROR] (Minecraft) No data fixer registered for titanium_tnt_entity
[16:53:42] [Render thread/INFO] (silvkingsmod) Registering Mod Items forsilvkingsmod
[16:53:42] [Render thread/INFO] (silvkingsmod) Registering Mod Blocks for silvkingsmod
[16:53:42] [Render thread/INFO] (silvkingsmod) Registering Item groups for silvkingsmod
[16:53:42] [Render thread/INFO] (silvkingsmod) Registering Data Component Types for silvkingsmod
[16:53:42] [Render thread/INFO] (silvkingsmod) Registering Effects for silvkingsmod
[16:53:42] [Render thread/INFO] (silvkingsmod) Registering Mod Potions for silvkingsmod
[16:53:42] [Render thread/INFO] (silvkingsmod) Registering Enchantment Effect for silvkingsmod
[16:53:42] [Render thread/INFO] (silvkingsmod) Registering Mod Entities for silvkingsmod
[16:53:42] [Render thread/INFO] (silvkingsmod) Registering Villagers for silvkingsmod
[16:53:42] [Render thread/INFO] (silvkingsmod) Registering Villager Trades for silvkingsmod
[16:53:42] [Render thread/INFO] (silvkingsmod) Registering Particles for silvkingsmod
[16:53:42] [Render thread/INFO] (silvkingsmod) Registering block Entities for silvkingsmod
[16:53:42] [Render thread/INFO] (silvkingsmod) Registering Screen handlers for silvkingsmod
[16:53:42] [Render thread/INFO] (silvkingsmod) Registering Mod Recipes for silvkingsmod
[16:53:42] [Render thread/WARN] (FuelRegistryImpl) Tried to register an overly high cookTime: 200000 > 32767! (silvkingsmod:starlight_ashes)
[16:53:43] [Render thread/INFO] (PlatformManager) Got request to register class com.sk89q.worldedit.fabric.FabricPlatform with WorldEdit [com.sk89q.worldedit.extension.platform.PlatformManager@759121f1]
[16:53:43] [Render thread/INFO] (FabricWorldEdit) WorldEdit for Fabric (version 7.3.8+6939-7d32b45) is loaded
[16:53:43] [Render thread/INFO] (Minecraft) [STDOUT]: All 13 have been set properly
[16:53:43] [Render thread/INFO] (Indigo) [Indigo] Registering Indigo renderer!
[16:53:43] [Render thread/INFO] (Minecraft) Backend library: LWJGL version 3.3.3-snapshot
[16:53:45] [Render thread/INFO] (Minecraft) Reloading ResourceManager: vanilla, fabric, fabric-api, fabric-api-base, fabric-api-lookup-api-v1, fabric-biome-api-v1, fabric-block-api-v1, fabric-block-view-api-v2, fabric-blockrenderlayer-v1, fabric-client-tags-api-v1, fabric-command-api-v1, fabric-command-api-v2, fabric-commands-v0, fabric-content-registries-v0, fabric-convention-tags-v1, fabric-convention-tags-v2, fabric-crash-report-info-v1, fabric-data-attachment-api-v1, fabric-data-generation-api-v1, fabric-dimensions-v1, fabric-entity-events-v1, fabric-events-interaction-v0, fabric-game-rule-api-v1, fabric-gametest-api-v1, fabric-item-api-v1, fabric-item-group-api-v1, fabric-key-binding-api-v1, fabric-keybindings-v0, fabric-lifecycle-events-v1, fabric-loot-api-v2, fabric-loot-api-v3, fabric-message-api-v1, fabric-model-loading-api-v1, fabric-networking-api-v1, fabric-object-builder-api-v1, fabric-particles-v1, fabric-recipe-api-v1, fabric-registry-sync-v0, fabric-renderer-api-v1, fabric-renderer-indigo, fabric-renderer-registries-v1, fabric-rendering-data-attachment-v1, fabric-rendering-fluids-v1, fabric-rendering-v0, fabric-rendering-v1, fabric-resource-conditions-api-v1, fabric-resource-loader-v0, fabric-screen-api-v1, fabric-screen-handler-api-v1, fabric-sound-api-v1, fabric-transfer-api-v1, fabric-transitive-access-wideners-v1, fabricloader, mobhealthbar, silvkingsmod, worldedit
[16:53:45] [Worker-Main-5/INFO] (Minecraft) Found unifont_all_no_pua-15.1.05.hex, loading
[16:53:45] [Worker-Main-10/WARN] (Minecraft) Invalid frame index on sprite minecraft:item/fire_charge/1 frame 4: 4
[16:53:45] [Worker-Main-1/INFO] (Minecraft) Found unifont_jp_patch-15.1.05.hex, loading
[16:53:45] [Worker-Main-3/WARN] (Minecraft) Texture silvkingsmod:item/titanium_axe with size 300x300 limits mip level from 4 to 2
[16:53:45] [Worker-Main-3/WARN] (Minecraft) Texture silvkingsmod:block/titanium_nether_ore with size 370x370 limits mip level from 2 to 1
[16:53:45] [Worker-Main-3/WARN] (Minecraft) minecraft:textures/atlas/blocks.png: dropping miplevel from 4 to 1, because of minimum power of two: 2
[16:53:45] [Worker-Main-6/WARN] (Minecraft) Unable to load model: 'minecraft:item/fire_charge/2' referenced from: minecraft:item/fire_charge: java.io.FileNotFoundException: minecraft:models/item/fire_charge/2.json
[16:53:45] [Worker-Main-6/WARN] (Minecraft) Unable to load model: 'minecraft:item/fire_charge/3' referenced from: minecraft:item/fire_charge: java.io.FileNotFoundException: minecraft:models/item/fire_charge/3.json
[16:53:46] [Render thread/WARN] (Minecraft) Missing sound for event: minecraft:item.goat_horn.play
[16:53:46] [Render thread/WARN] (Minecraft) Missing sound for event: minecraft:entity.goat.screaming.horn_break
[16:53:46] [Render thread/INFO] (Minecraft) OpenAL initialized on device OpenAL Soft on Headphones (3- High Definition Audio Device)
[16:53:46] [Render thread/INFO] (Minecraft) Sound engine started
[16:53:46] [Render thread/INFO] (Minecraft) Created: 4096x2048x1 minecraft:textures/atlas/blocks.png-atlas
[16:53:46] [Render thread/INFO] (Minecraft) Created: 256x256x4 minecraft:textures/atlas/signs.png-atlas
[16:53:46] [Render thread/INFO] (Minecraft) Created: 512x512x4 minecraft:textures/atlas/banner_patterns.png-atlas
[16:53:46] [Render thread/INFO] (Minecraft) Created: 512x512x4 minecraft:textures/atlas/shield_patterns.png-atlas
[16:53:46] [Render thread/INFO] (Minecraft) Created: 2048x1024x4 minecraft:textures/atlas/armor_trims.png-atlas
[16:53:46] [Render thread/INFO] (Minecraft) Created: 256x256x4 minecraft:textures/atlas/chest.png-atlas
[16:53:46] [Render thread/INFO] (Minecraft) Created: 128x64x4 minecraft:textures/atlas/decorated_pot.png-atlas
[16:53:46] [Render thread/INFO] (Minecraft) Created: 512x256x4 minecraft:textures/atlas/beds.png-atlas
[16:53:46] [Render thread/INFO] (Minecraft) Created: 512x256x4 minecraft:textures/atlas/shulker_boxes.png-atlas
[16:53:46] [Render thread/INFO] (Minecraft) Created: 512x256x0 minecraft:textures/atlas/particles.png-atlas
[16:53:46] [Render thread/INFO] (Minecraft) Created: 512x256x0 minecraft:textures/atlas/paintings.png-atlas
[16:53:46] [Render thread/INFO] (Minecraft) Created: 1024x512x0 minecraft:textures/atlas/mob_effects.png-atlas
[16:53:46] [Render thread/INFO] (Minecraft) Created: 64x64x0 minecraft:textures/atlas/map_decorations.png-atlas
[16:53:46] [Render thread/INFO] (Minecraft) Created: 1024x512x0 minecraft:textures/atlas/gui.png-atlas
[16:53:46] [Render thread/WARN] (Minecraft) Shader rendertype_entity_translucent_emissive could not find sampler named Sampler2 in the specified shader program.
[16:53:52] [Worker-Main-4/INFO] (PlatformCommandManager) Registering commands with com.sk89q.worldedit.fabric.FabricPlatform
[16:53:52] [Render thread/INFO] (Minecraft) Loaded 1315 recipes
[16:53:53] [Render thread/INFO] (Minecraft) Loaded 1422 advancements
[16:53:55] [Render thread/INFO] (BiomeModificationImpl) Applied 66 biome modifications to 63 of 64 new biomes in 11.26 ms
[16:53:55] [Server thread/INFO] (Minecraft) Starting integrated minecraft server version 1.21
[16:53:55] [Server thread/INFO] (Minecraft) Generating keypair
[16:53:58] [Server thread/INFO] (Minecraft) Preparing start region for dimension minecraft:overworld
[16:53:58] [Render thread/INFO] (Minecraft) Preparing spawn area: 2%
[16:53:58] [Render thread/INFO] (Minecraft) Preparing spawn area: 2%
[16:53:59] [Render thread/INFO] (Minecraft) Preparing spawn area: 2%
[16:53:59] [Render thread/INFO] (Minecraft) Preparing spawn area: 2%
[16:54:00] [Render thread/INFO] (Minecraft) Preparing spawn area: 18%
[16:54:00] [Render thread/INFO] (Minecraft) Preparing spawn area: 18%
[16:54:01] [Render thread/INFO] (Minecraft) Preparing spawn area: 51%
[16:54:01] [Render thread/INFO] (Minecraft) Preparing spawn area: 51%
[16:54:02] [Render thread/INFO] (Minecraft) Preparing spawn area: 51%
[16:54:02] [Render thread/INFO] (Minecraft) Time elapsed: 4114 ms
[16:54:03] [Server thread/WARN] (TranslationConventionLogWarnings) 
	Dev warning - Untranslated Item Tags detected. Please translate your item tags so other mods such as recipe viewers can properly display your tag's name.
	The format desired is tag.item.<namespace>.<path> for the translation key with slashes in path turned into periods.
	To disable this message, set this system property in your runs: `-Dfabric-tag-conventions-v2.missingTagTranslationWarning=SILENCED`.
	To see individual untranslated item tags found, set the system property to `-Dfabric-tag-conventions-v2.missingTagTranslationWarning=VERBOSE`.
	Default is `SHORT`.

[16:54:03] [Server thread/INFO] (Minecraft) Changing view distance to 11, from 10
[16:54:03] [Server thread/INFO] (Minecraft) Changing simulation distance to 8, from 0
[16:54:03] [Server thread/INFO] (Minecraft) Player171[local:E:6b5a4f27] logged in with entity id 9 at (-7.5, 149.0, 3.5)
[16:54:04] [Server thread/INFO] (Minecraft) Player171 joined the game
[16:54:04] [Render thread/WARN] (Minecraft) Unknown recipe category: silvkingsmod:growth_chamber/silvkingsmod:titanium_ingot_from_growth_chamber
[16:54:04] [Render thread/WARN] (Minecraft) Unknown recipe category: silvkingsmod:growth_chamber/silvkingsmod:coal_from_growth_chamber
[16:54:04] [Render thread/INFO] (Minecraft) Loaded 2 advancements
[16:54:06] [Render thread/INFO] (Minecraft) [System] [CHAT] Dropped 1 [Desert Dungeon Explorer Map]
[16:54:28] [Render thread/INFO] (Minecraft) [System] [CHAT] Dropped 4 items
[16:54:28] [Render thread/INFO] (Minecraft) Loaded 8 advancements
[16:54:47] [Render thread/INFO] (Minecraft) [System] [CHAT] Player171 has the following entity data: {components: {"minecraft:item_name": '{"translate":"filled_map.buried_treasure"}'}, count: 1, id: "minecraft:map"}
[16:54:52] [Render thread/INFO] (Minecraft) [System] [CHAT] Player171 has the following entity data: {components: {"minecraft:custom_name": '{"color":"gold","italic":false,"text":"Desert Dungeon Explorer Map"}'}, count: 1, id: "minecraft:map"}
[16:55:18] [Server thread/INFO] (Minecraft) Locating element minecraft:buried_treasure took 286 ms
[16:55:18] [Render thread/INFO] (Minecraft) [System] [CHAT] The nearest minecraft:buried_treasure is at [1049, ~, 985] (1413 blocks away)
[16:55:20] [Server thread/INFO] (Minecraft) [Player171: Teleported Player171 to 1049.500000, 175.890626, 985.500000]
[16:55:20] [Render thread/INFO] (Minecraft) [System] [CHAT] Teleported Player171 to 1049.500000, 175.890626, 985.500000
[16:56:25] [Server thread/INFO] (Minecraft) Saving and pausing game...
[16:56:25] [Server thread/INFO] (Minecraft) Saving chunks for level 'ServerLevel[New World]'/minecraft:overworld
[16:56:25] [Server thread/INFO] (Minecraft) Saving chunks for level 'ServerLevel[New World]'/minecraft:the_nether
[16:56:25] [Server thread/INFO] (Minecraft) Saving chunks for level 'ServerLevel[New World]'/minecraft:the_end
[16:56:30] [Server thread/INFO] (Minecraft) Locating element minecraft:shipwreck took 15 ms
[16:56:30] [Render thread/INFO] (Minecraft) [System] [CHAT] The nearest minecraft:shipwreck is at [608, ~, 1376] (593 blocks away)
[16:56:32] [Server thread/INFO] (Minecraft) [Player171: Teleported Player171 to 608.500000, 66.501320, 1376.500000]
[16:56:32] [Render thread/INFO] (Minecraft) [System] [CHAT] Teleported Player171 to 608.500000, 66.501320, 1376.500000
[16:56:35] [Render thread/INFO] (Minecraft) Loaded 17 advancements
[16:56:43] [Render thread/WARN] (Minecraft) Unable to play empty soundEvent: minecraft:entity.cod.ambient
[16:56:50] [Server thread/INFO] (Minecraft) [Player171: Set own game mode to Spectator Mode]
[16:56:50] [Render thread/INFO] (Minecraft) [System] [CHAT] Set own game mode to Spectator Mode
[16:56:50] [Render thread/INFO] (Minecraft) [System] [CHAT] Saved screenshot as 2026-04-01_16.56.50.png
[16:56:56] [Server thread/INFO] (Minecraft) Locating element minecraft:shipwreck took 0 ms
[16:56:56] [Render thread/INFO] (Minecraft) [System] [CHAT] The nearest minecraft:shipwreck is at [288, ~, 1344] (124 blocks away)
[16:56:59] [Server thread/INFO] (Minecraft) [Player171: Teleported Player171 to 288.500000, 66.109492, 1344.500000]
[16:56:59] [Render thread/INFO] (Minecraft) [System] [CHAT] Teleported Player171 to 288.500000, 66.109492, 1344.500000
[16:57:14] [Server thread/INFO] (Minecraft) Locating element minecraft:shipwreck took 0 ms
[16:57:14] [Render thread/INFO] (Minecraft) [System] [CHAT] The nearest minecraft:shipwreck is at [416, ~, 1600] (165 blocks away)
[16:57:17] [Server thread/INFO] (Minecraft) [Player171: Teleported Player171 to 416.500000, 58.505252, 1600.500000]
[16:57:17] [Render thread/INFO] (Minecraft) [System] [CHAT] Teleported Player171 to 416.500000, 58.505252, 1600.500000
[16:57:21] [Server thread/INFO] (Minecraft) [Player171: Set own game mode to Creative Mode]
[16:57:21] [Render thread/INFO] (Minecraft) [System] [CHAT] Set own game mode to Creative Mode
[16:57:31] [Render thread/INFO] (Minecraft) [System] [CHAT] Dropped 4 items
[16:57:31] [Render thread/INFO] (Minecraft) Loaded 18 advancements
[16:57:40] [Server thread/INFO] (Minecraft) [Player171: Set own game mode to Spectator Mode]
[16:57:40] [Render thread/INFO] (Minecraft) [System] [CHAT] Set own game mode to Spectator Mode
[16:57:41] [Server thread/INFO] (Minecraft) [Player171: Set own game mode to Creative Mode]
[16:57:41] [Render thread/INFO] (Minecraft) [System] [CHAT] Set own game mode to Creative Mode
[16:57:43] [Render thread/INFO] (Minecraft) [System] [CHAT] Dropped 4 items
[16:57:58] [Server thread/INFO] (Minecraft) Saving and pausing game...
[16:57:58] [Server thread/INFO] (Minecraft) Saving chunks for level 'ServerLevel[New World]'/minecraft:overworld
[16:57:58] [Server thread/INFO] (Minecraft) Saving chunks for level 'ServerLevel[New World]'/minecraft:the_nether
[16:57:58] [Server thread/INFO] (Minecraft) Saving chunks for level 'ServerLevel[New World]'/minecraft:the_end
[16:59:15] [Server thread/INFO] (Minecraft) Locating element silvkingsmod:desert_dungeon took 898 ms
[16:59:15] [Render thread/INFO] (Minecraft) [System] [CHAT] The nearest silvkingsmod:desert_dungeon is at [1536, ~, 3936] (2576 blocks away)
[16:59:16] [Server thread/INFO] (Minecraft) [Player171: Teleported Player171 to 1536.500000, 63.518200, 3936.500000]
[16:59:16] [Render thread/INFO] (Minecraft) [System] [CHAT] Teleported Player171 to 1536.500000, 63.518200, 3936.500000
[16:59:19] [Server thread/INFO] (Minecraft) [Player171: Set own game mode to Spectator Mode]
[16:59:19] [Render thread/INFO] (Minecraft) [System] [CHAT] Set own game mode to Spectator Mode
[16:59:22] [Server thread/INFO] (Minecraft) [Player171: Set own game mode to Creative Mode]
[16:59:22] [Render thread/INFO] (Minecraft) [System] [CHAT] Set own game mode to Creative Mode
[16:59:35] [Server thread/INFO] (Minecraft) [Player171: Set own game mode to Spectator Mode]
[16:59:35] [Render thread/INFO] (Minecraft) [System] [CHAT] Set own game mode to Spectator Mode
[16:59:43] [Server thread/INFO] (Minecraft) Saving and pausing game...
[16:59:43] [Server thread/INFO] (Minecraft) Saving chunks for level 'ServerLevel[New World]'/minecraft:overworld
[16:59:43] [Server thread/INFO] (Minecraft) Saving chunks for level 'ServerLevel[New World]'/minecraft:the_nether
[16:59:43] [Server thread/INFO] (Minecraft) Saving chunks for level 'ServerLevel[New World]'/minecraft:the_end
[17:03:28] [Server thread/INFO] (Minecraft) Saving and pausing game...
[17:03:28] [Server thread/INFO] (Minecraft) Saving chunks for level 'ServerLevel[New World]'/minecraft:overworld
[17:03:28] [Server thread/INFO] (Minecraft) Saving chunks for level 'ServerLevel[New World]'/minecraft:the_nether
[17:03:28] [Server thread/INFO] (Minecraft) Saving chunks for level 'ServerLevel[New World]'/minecraft:the_end
[17:03:36] [Server thread/INFO] (Minecraft) Locating element silvkingsmod:desert_dungeon took 0 ms
[17:03:36] [Render thread/INFO] (Minecraft) [System] [CHAT] The nearest silvkingsmod:desert_dungeon is at [1536, ~, 3936] (713 blocks away)
[17:03:41] [Server thread/INFO] (Minecraft) Locating element silvkingsmod:desert_dungeon took 0 ms
[17:03:41] [Render thread/INFO] (Minecraft) [System] [CHAT] The nearest silvkingsmod:desert_dungeon is at [1536, ~, 3936] (821 blocks away)
[17:03:46] [Server thread/INFO] (Minecraft) Locating element silvkingsmod:desert_dungeon took 0 ms
[17:03:46] [Render thread/INFO] (Minecraft) [System] [CHAT] The nearest silvkingsmod:desert_dungeon is at [1536, ~, 3936] (1088 blocks away)
[17:04:00] [Server thread/WARN] (Minecraft) Can't keep up! Is the server overloaded? Running 2243ms or 44 ticks behind
[17:04:55] [Server thread/INFO] (Minecraft) Locating element silvkingsmod:desert_dungeon took 189 ms
[17:04:55] [Render thread/INFO] (Minecraft) [System] [CHAT] The nearest silvkingsmod:desert_dungeon is at [1536, ~, 3936] (1800 blocks away)
[17:05:27] [Server thread/INFO] (Minecraft) Saving and pausing game...
[17:05:27] [Server thread/INFO] (Minecraft) Saving chunks for level 'ServerLevel[New World]'/minecraft:overworld
[17:05:27] [Server thread/INFO] (Minecraft) Saving chunks for level 'ServerLevel[New World]'/minecraft:the_nether
[17:05:27] [Server thread/INFO] (Minecraft) Saving chunks for level 'ServerLevel[New World]'/minecraft:the_end
